2022-07-16 15:05:48.540  INFO [policy-service,,,] 19796 --- [  restartedMain] c.example.app.PolicyServiceApplication   : Starting PolicyServiceApplication using Java 15.0.2 on LAPTOP-R55DDBIN with PID 19796 (D:\STSWORKSPACE\policy-service\target\classes started by lenovo in D:\STSWORKSPACE\policy-service)
2022-07-16 15:05:48.540  INFO [policy-service,,,] 19796 --- [  restartedMain] c.example.app.PolicyServiceApplication   : No active profile set, falling back to 1 default profile: "default"
2022-07-16 15:05:48.797  INFO [policy-service,,,] 19796 --- [  restartedMain] .s.d.r.c.RepositoryConfigurationDelegate : Bootstrapping Spring Data JPA repositories in DEFAULT mode.
2022-07-16 15:05:48.806  INFO [policy-service,,,] 19796 --- [  restartedMain] .s.d.r.c.RepositoryConfigurationDelegate : Finished Spring Data repository scanning in 9 ms. Found 1 JPA repository interfaces.
2022-07-16 15:05:48.927  INFO [policy-service,,,] 19796 --- [  restartedMain] o.s.cloud.context.scope.GenericScope     : BeanFactory id=87b2aa79-a68a-3361-8d8e-0e7c94fe752a
2022-07-16 15:05:49.082  INFO [policy-service,,,] 19796 --- [  restartedMain] o.s.b.w.embedded.tomcat.TomcatWebServer  : Tomcat initialized with port(s): 9092 (http)
2022-07-16 15:05:49.083  INFO [policy-service,,,] 19796 --- [  restartedMain] o.a.coyote.http11.Http11NioProtocol      : Initializing ProtocolHandler ["http-nio-9092"]
2022-07-16 15:05:49.083  INFO [policy-service,,,] 19796 --- [  restartedMain] o.apache.catalina.core.StandardService   : Starting service [Tomcat]
2022-07-16 15:05:49.083  INFO [policy-service,,,] 19796 --- [  restartedMain] org.apache.catalina.core.StandardEngine  : Starting Servlet engine: [Apache Tomcat/9.0.64]
2022-07-16 15:05:49.114  INFO [policy-service,,,] 19796 --- [  restartedMain] o.a.c.c.C.[Tomcat].[localhost].[/]       : Initializing Spring embedded WebApplicationContext
2022-07-16 15:05:49.114  INFO [policy-service,,,] 19796 --- [  restartedMain] w.s.c.ServletWebServerApplicationContext : Root WebApplicationContext: initialization completed in 572 ms
2022-07-16 15:05:49.632  INFO [policy-service,,,] 19796 --- [  restartedMain] o.hibernate.jpa.internal.util.LogHelper  : HHH000204: Processing PersistenceUnitInfo [name: default]
2022-07-16 15:05:49.635  INFO [policy-service,,,] 19796 --- [  restartedMain] com.zaxxer.hikari.HikariDataSource       : HikariPool-6 - Starting...
2022-07-16 15:05:49.738  INFO [policy-service,,,] 19796 --- [  restartedMain] com.zaxxer.hikari.HikariDataSource       : HikariPool-6 - Start completed.
2022-07-16 15:05:49.738  INFO [policy-service,,,] 19796 --- [  restartedMain] org.hibernate.dialect.Dialect            : HHH000400: Using dialect: org.hibernate.dialect.PostgreSQLDialect
2022-07-16 15:05:49.863  INFO [policy-service,,,] 19796 --- [  restartedMain] o.h.e.t.j.p.i.JtaPlatformInitiator       : HHH000490: Using JtaPlatform implementation: [org.hibernate.engine.transaction.jta.platform.internal.NoJtaPlatform]
2022-07-16 15:05:49.864  INFO [policy-service,,,] 19796 --- [  restartedMain] j.LocalContainerEntityManagerFactoryBean : Initialized JPA EntityManagerFactory for persistence unit 'default'
2022-07-16 15:05:50.027  WARN [policy-service,,,] 19796 --- [  restartedMain] JpaBaseConfiguration$JpaWebConfiguration : spring.jpa.open-in-view is enabled by default. Therefore, database queries may be performed during view rendering. Explicitly configure spring.jpa.open-in-view to disable this warning
2022-07-16 15:05:50.431  WARN [policy-service,,,] 19796 --- [  restartedMain] o.s.b.d.a.OptionalLiveReloadServer       : Unable to start LiveReload server
2022-07-16 15:05:50.605  INFO [policy-service,,,] 19796 --- [  restartedMain] DiscoveryClientOptionalArgsConfiguration : Eureka HTTP Client uses RestTemplate.
2022-07-16 15:05:50.697  WARN [policy-service,,,] 19796 --- [  restartedMain] iguration$LoadBalancerCaffeineWarnLogger : Spring Cloud LoadBalancer is currently working with the default cache. While this cache implementation is useful for development and tests, it's recommended to use Caffeine cache in production.You can switch to using Caffeine cache, by adding it and org.springframework.cache.caffeine.CaffeineCacheManager to the classpath.
2022-07-16 15:05:50.730  INFO [policy-service,,,] 19796 --- [  restartedMain] o.s.b.a.e.web.EndpointLinksResolver      : Exposing 1 endpoint(s) beneath base path '/actuator'
2022-07-16 15:05:50.761  INFO [policy-service,,,] 19796 --- [  restartedMain] o.s.c.n.eureka.InstanceInfoFactory       : Setting initial instance status as: STARTING
2022-07-16 15:05:50.776  INFO [policy-service,,,] 19796 --- [  restartedMain] com.netflix.discovery.DiscoveryClient    : Initializing Eureka in region us-east-1
2022-07-16 15:05:50.776  INFO [policy-service,,,] 19796 --- [  restartedMain] c.n.d.s.r.aws.ConfigClusterResolver      : Resolving eureka endpoints via configuration
2022-07-16 15:05:50.784  INFO [policy-service,,,] 19796 --- [  restartedMain] com.netflix.discovery.DiscoveryClient    : Disable delta property : false
2022-07-16 15:05:50.784  INFO [policy-service,,,] 19796 --- [  restartedMain] com.netflix.discovery.DiscoveryClient    : Single vip registry refresh property : null
2022-07-16 15:05:50.784  INFO [policy-service,,,] 19796 --- [  restartedMain] com.netflix.discovery.DiscoveryClient    : Force full registry fetch : false
2022-07-16 15:05:50.784  INFO [policy-service,,,] 19796 --- [  restartedMain] com.netflix.discovery.DiscoveryClient    : Application is null : false
2022-07-16 15:05:50.784  INFO [policy-service,,,] 19796 --- [  restartedMain] com.netflix.discovery.DiscoveryClient    : Registered Applications size is zero : true
2022-07-16 15:05:50.784  INFO [policy-service,,,] 19796 --- [  restartedMain] com.netflix.discovery.DiscoveryClient    : Application version is -1: true
2022-07-16 15:05:50.784  INFO [policy-service,,,] 19796 --- [  restartedMain] com.netflix.discovery.DiscoveryClient    : Getting all instance registry info from the eureka server
2022-07-16 15:05:50.797  INFO [policy-service,,,] 19796 --- [  restartedMain] com.netflix.discovery.DiscoveryClient    : The response status is 200
2022-07-16 15:05:50.801  INFO [policy-service,,,] 19796 --- [  restartedMain] com.netflix.discovery.DiscoveryClient    : Starting heartbeat executor: renew interval is: 30
2022-07-16 15:05:50.804  INFO [policy-service,,,] 19796 --- [  restartedMain] c.n.discovery.InstanceInfoReplicator     : InstanceInfoReplicator onDemand update allowed rate per min is 4
2022-07-16 15:05:50.812  INFO [policy-service,,,] 19796 --- [  restartedMain] com.netflix.discovery.DiscoveryClient    : Discovery Client initialized at timestamp 1657964150812 with initial instances count: 3
2022-07-16 15:05:50.818  INFO [policy-service,,,] 19796 --- [  restartedMain] o.s.c.n.e.s.EurekaServiceRegistry        : Registering application POLICY-SERVICE with eureka with status UP
2022-07-16 15:05:50.818  INFO [policy-service,,,] 19796 --- [  restartedMain] com.netflix.discovery.DiscoveryClient    : Saw local status change event StatusChangeEvent [timestamp=1657964150818, current=UP, previous=STARTING]
2022-07-16 15:05:50.818  INFO [policy-service,,,] 19796 --- [nfoReplicator-0] com.netflix.discovery.DiscoveryClient    : DiscoveryClient_POLICY-SERVICE/LAPTOP-R55DDBIN:policy-service:9092: registering service...
2022-07-16 15:05:50.819  INFO [policy-service,,,] 19796 --- [  restartedMain] o.a.coyote.http11.Http11NioProtocol      : Starting ProtocolHandler ["http-nio-9092"]
2022-07-16 15:05:50.821  INFO [policy-service,,,] 19796 --- [  restartedMain] o.s.b.w.embedded.tomcat.TomcatWebServer  : Tomcat started on port(s): 9092 (http) with context path ''
2022-07-16 15:05:50.822  INFO [policy-service,,,] 19796 --- [  restartedMain] .s.c.n.e.s.EurekaAutoServiceRegistration : Updating port to 9092
2022-07-16 15:05:50.831  INFO [policy-service,,,] 19796 --- [nfoReplicator-0] com.netflix.discovery.DiscoveryClient    : DiscoveryClient_POLICY-SERVICE/LAPTOP-R55DDBIN:policy-service:9092 - registration status: 204
2022-07-16 15:05:50.998  INFO [policy-service,,,] 19796 --- [  restartedMain] c.example.app.PolicyServiceApplication   : Started PolicyServiceApplication in 2.654 seconds (JVM running for 1012.452)
2022-07-16 15:05:51.000  INFO [policy-service,,,] 19796 --- [  restartedMain] .ConditionEvaluationDeltaLoggingListener : Condition evaluation unchanged
2022-07-16 15:06:11.819  INFO [policy-service,ad3098241db3bb03,ad3098241db3bb03,] 19796 --- [nio-9092-exec-2] o.a.c.c.C.[Tomcat].[localhost].[/]       : Initializing Spring DispatcherServlet 'dispatcherServlet'
2022-07-16 15:06:11.819  INFO [policy-service,ad3098241db3bb03,ad3098241db3bb03,] 19796 --- [nio-9092-exec-2] o.s.web.servlet.DispatcherServlet        : Initializing Servlet 'dispatcherServlet'
2022-07-16 15:06:11.820  INFO [policy-service,ad3098241db3bb03,ad3098241db3bb03,] 19796 --- [nio-9092-exec-2] o.s.web.servlet.DispatcherServlet        : Completed initialization in 1 ms
2022-07-16 15:07:19.497  INFO [policy-service,,,] 19796 --- [      Thread-31] o.s.c.n.e.s.EurekaServiceRegistry        : Unregistering application POLICY-SERVICE with eureka with status DOWN
2022-07-16 15:07:19.498  INFO [policy-service,,,] 19796 --- [      Thread-31] com.netflix.discovery.DiscoveryClient    : Saw local status change event StatusChangeEvent [timestamp=1657964239498, current=DOWN, previous=UP]
2022-07-16 15:07:19.498  INFO [policy-service,,,] 19796 --- [nfoReplicator-0] com.netflix.discovery.DiscoveryClient    : DiscoveryClient_POLICY-SERVICE/LAPTOP-R55DDBIN:policy-service:9092: registering service...
2022-07-16 15:07:19.501  INFO [policy-service,,,] 19796 --- [nfoReplicator-0] com.netflix.discovery.DiscoveryClient    : DiscoveryClient_POLICY-SERVICE/LAPTOP-R55DDBIN:policy-service:9092 - registration status: 204
2022-07-16 15:07:19.518  INFO [policy-service,,,] 19796 --- [      Thread-31] j.LocalContainerEntityManagerFactoryBean : Closing JPA EntityManagerFactory for persistence unit 'default'
2022-07-16 15:07:19.519  INFO [policy-service,,,] 19796 --- [      Thread-31] com.zaxxer.hikari.HikariDataSource       : HikariPool-6 - Shutdown initiated...
2022-07-16 15:07:19.521  INFO [policy-service,,,] 19796 --- [      Thread-31] com.zaxxer.hikari.HikariDataSource       : HikariPool-6 - Shutdown completed.
2022-07-16 15:07:19.522  INFO [policy-service,,,] 19796 --- [      Thread-31] com.netflix.discovery.DiscoveryClient    : Shutting down DiscoveryClient ...
2022-07-16 15:07:22.528  WARN [policy-service,,,] 19796 --- [scoveryClient-1] c.netflix.discovery.TimedSupervisorTask  : task supervisor shutting down, can't accept the task
2022-07-16 15:07:22.534  INFO [policy-service,,,] 19796 --- [      Thread-31] com.netflix.discovery.DiscoveryClient    : Unregistering ...
2022-07-16 15:07:22.536  INFO [policy-service,,,] 19796 --- [      Thread-31] com.netflix.discovery.DiscoveryClient    : DiscoveryClient_POLICY-SERVICE/LAPTOP-R55DDBIN:policy-service:9092 - deregister  status: 200
2022-07-16 15:07:22.575  INFO [policy-service,,,] 19796 --- [      Thread-31] com.netflix.discovery.DiscoveryClient    : Completed shut down of DiscoveryClient
